<?xml version="1.0" encoding="UTF-8"?>
<!-- Generated by org.testng.reporters.JUnitXMLReporter -->
<testsuite hostname="VAPW10000000164" name="Red Bus WebService API regression" tests="15" failures="0" timestamp="28 Jun 2016 09:14:50 GMT" time="250.054" errors="0">
  <testcase name="testvalidSearch" time="21.74" classname="com.poc.test.TestNG.Test_BusSearch"/>
  <testcase name="testInvalidSearch" time="18.642" classname="com.poc.test.TestNG.Test_BusSearch"/>
  <testcase name="testNotYetOpenSearch" time="51.889" classname="com.poc.test.TestNG.Test_BusSearch"/>
  <testcase name="testBusResultFilterProvider" time="17.398" classname="com.poc.test.TestNG.Test_BusResult"/>
  <testcase name="testBusResultFilterType" time="15.861" classname="com.poc.test.TestNG.Test_BusResult"/>
  <testcase name="testBusResulSeatView" time="32.033" classname="com.poc.test.TestNG.Test_BusResult"/>
  <testcase name="testBusResulNextDay" time="18.588" classname="com.poc.test.TestNG.Test_BusResult"/>
  <testcase name="testBusResulPreviousDay" time="16.676" classname="com.poc.test.TestNG.Test_BusResult"/>
  <testcase name="testBusBooking_CustomerData" time="51.361" classname="com.poc.test.TestNG.Test_BusBooking"/>
  <testcase name="busSearch_Invalid_tests" time="2.048" classname="com.poc.test.TestNG.RedBus_SearchAPI_Tests"/>
  <testcase name="busSearch_NotYetOpenSearch_tests" time="0.472" classname="com.poc.test.TestNG.RedBus_SearchAPI_Tests"/>
  <testcase name="busSearch_Valid_tests" time="0.634" classname="com.poc.test.TestNG.RedBus_SearchAPI_Tests"/>
  <testcase name="bus_Result_Filter_Provider_tests" time="0.56" classname="com.poc.test.TestNG.RedBus_ResultAPI_Tests"/>
  <testcase name="testBusSeat_Available" time="0.382" classname="com.poc.test.TestNG.RedBus_SeatLayoutAPI_Tests"/>
  <testcase name="testBusSeat_Layout" time="1.109" classname="com.poc.test.TestNG.RedBus_SeatLayoutAPI_Tests"/>
</testsuite> <!-- Red Bus WebService API regression -->
