<?xml version="1.0" encoding="UTF-8"?>
<!-- Generated by org.testng.reporters.JUnitXMLReporter -->
<testsuite hostname="VAPW10000000164" name="Red Bus Search API regression" tests="2" failures="0" timestamp="27 Jun 2016 09:05:45 GMT" time="3.226" errors="0">
  <testcase name="testBusSeat_Available" time="0.995" classname="com.poc.test.TestNG.RedBus_SeatLayoutAPI_Tests"/>
  <testcase name="testBusSeat_Layout" time="1.256" classname="com.poc.test.TestNG.RedBus_SeatLayoutAPI_Tests"/>
</testsuite> <!-- Red Bus Search API regression -->
