<?xml version="1.0" encoding="UTF-8"?>
<!-- Generated by org.testng.reporters.JUnitXMLReporter -->
<testsuite hostname="VAPW10000000164" name="redBus" tests="9" failures="0" timestamp="28 Jun 2016 09:07:48 GMT" time="267.992" errors="0">
  <testcase name="testvalidSearch" time="31.932" classname="com.poc.test.TestNG.Test_BusSearch"/>
  <testcase name="testInvalidSearch" time="18.9" classname="com.poc.test.TestNG.Test_BusSearch"/>
  <testcase name="testNotYetOpenSearch" time="49.577" classname="com.poc.test.TestNG.Test_BusSearch"/>
  <testcase name="testBusResultFilterProvider" time="21.828" classname="com.poc.test.TestNG.Test_BusResult"/>
  <testcase name="testBusResultFilterType" time="22.13" classname="com.poc.test.TestNG.Test_BusResult"/>
  <testcase name="testBusResulSeatView" time="31.659" classname="com.poc.test.TestNG.Test_BusResult"/>
  <testcase name="testBusResulNextDay" time="17.153" classname="com.poc.test.TestNG.Test_BusResult"/>
  <testcase name="testBusResulPreviousDay" time="17.272" classname="com.poc.test.TestNG.Test_BusResult"/>
  <testcase name="testBusBooking_CustomerData" time="57.129" classname="com.poc.test.TestNG.Test_BusBooking"/>
</testsuite> <!-- redBus -->
